<?xml version="1.0" encoding="UTF-8"?>
<testsuite name="virtualpetshelter.RobotPetTest" tests="1" skipped="0" failures="0" errors="0" timestamp="2020-06-04T01:55:31" hostname="Simons-MacBook-Pro.local" time="0.032">
  <properties/>
  <testcase name="shouldBeAbleToOilRoboticPets" classname="virtualpetshelter.RobotPetTest" time="0.032"/>
  <system-out><![CDATA[]]></system-out>
  <system-err><![CDATA[]]></system-err>
</testsuite>
